make all --print-data-base --no-builtin-variables --no-builtin-rules --question
# GNU Make 3.81
# Copyright (C) 2006  Free Software Foundation, Inc.
# This is free software; see the source for copying conditions.
# There is NO warranty; not even for MERCHANTABILITY or FITNESS FOR A
# PARTICULAR PURPOSE.

# This program built for i386-apple-darwin11.3.0
 
make: *** No rule to make target `all'.  Stop.
 

# Make data base, printed on Thu Mar 18 16:51:04 2021

# Variables

 
# automatic
<D = $(patsubst %/,%,$(dir $<))
# automatic
?F = $(notdir $?)
# environment
VSCODE_LOG_NATIVE = false
# automatic
?D = $(patsubst %/,%,$(dir $?))
# automatic
@D = $(patsubst %/,%,$(dir $@))
# automatic
@F = $(notdir $@)
# makefile
CURDIR := /Users/vibhorsagar/Library/Mobile Documents/com~apple~CloudDocs/Development/C-Projects /CSc-60_Lab-Assignments/Lab-5
# makefile
SHELL = /bin/sh
# environment
VSCODE_NLS_CONFIG = {"locale":"en-us","availableLanguages":{},"_languagePackSupport":true}
# environment
_ = /usr/bin/make
# makefile (from `makefile', line 1)
MAKEFILE_LIST :=  makefile
# environment
VSCODE_NODE_CACHED_DATA_DIR = /Users/vibhorsagar/Library/Application Support/Code/CachedData/f30a9b73e8ffc278e71575118b6bf568f04587c8
# environment
VSCODE_VERBOSE_LOGGING = true
# environment
VSCODE_IPC_HOOK_EXTHOST = /var/folders/mc/g81tk3v54h99020n35_xb8pw0000gn/T/vscode-ipc-e70ee51b-8209-41ef-acdf-160f99c2c45b.sock
# environment
PATH = /Users/vibhorsagar/.sdkman/candidates/java/current/bin:/Users/vibhorsagar/.pyenv/shims:/usr/local/bin:/usr/bin:/bin:/usr/sbin:/sbin
# environment
SDKMAN_DIR = /Users/vibhorsagar/.sdkman
# environment
SDKMAN_CANDIDATES_API = https://api.sdkman.io/2
# environment
SDKMAN_PLATFORM = DarwinX64
# environment
VSCODE_LOG_STACK = false
# environment
ELECTRON_RUN_AS_NODE = 1
# default
 
.FEATURES := target-specific order-only second-expansion else-if archives jobserver check-symlink
# environment
SSH_AUTH_SOCK = /private/tmp/com.apple.launchd.WoQdfQtcer/Listeners
# automatic
%F = $(notdir $%)
# environment
VSCODE_PIPE_LOGGING = true
# environment
PWD = /Users/vibhorsagar/Library/Mobile Documents/com~apple~CloudDocs/Development/C-Projects /CSc-60_Lab-Assignments/Lab-5
# environment
ORIGINAL_XDG_CURRENT_DESKTOP = undefined
# environment
VSCODE_AMD_ENTRYPOINT = vs/workbench/services/extensions/node/extensionHostProcess
# environment
PYENV_SHELL = zsh
# environment
HOME = /Users/vibhorsagar
# default
MAKEFILEPATH = $(shell /usr/bin/xcode-select -print-path 2>/dev/null || echo /Developer)/Makefiles
# environment
LOGNAME = vibhorsagar
# environment
APPLICATION_INSIGHTS_NO_DIAGNOSTIC_CHANNEL = true
# environment
VSCODE_HANDLES_UNCAUGHT_ERRORS = true
# automatic
^D = $(patsubst %/,%,$(dir $^))
# environment
XPC_FLAGS = 0x0
# environment
SDKMAN_VERSION = 5.11.0+644
# default
MAKE = $(MAKE_COMMAND)
# default
MAKECMDGOALS := all
# environment
SHLVL = 1
# environment
JAVA_HOME = /Users/vibhorsagar/.sdkman/candidates/java/current
# default
MAKE_VERSION := 3.81
# environment
USER = vibhorsagar
# makefile
.DEFAULT_GOAL := lab5
# automatic
%D = $(patsubst %/,%,$(dir $%))
# default
MAKE_COMMAND := /Library/Developer/CommandLineTools/usr/bin/make
# default
.VARIABLES := 
# environment
TMPDIR = /var/folders/mc/g81tk3v54h99020n35_xb8pw0000gn/T/
# automatic
*F = $(notdir $*)
# environment
VSCODE_IPC_HOOK = /Users/vibhorsagar/Library/Application Support/Code/1.54.1-main.sock
# makefile
MAKEFLAGS = Rrqp
# environment
MFLAGS = -Rrqp
# automatic
*D = $(patsubst %/,%,$(dir $*))
# environment
XPC_SERVICE_NAME = com.microsoft.VSCode.2224
# automatic
+D = $(patsubst %/,%,$(dir $+))
# automatic
+F = $(notdir $+)
# environment
__CF_USER_TEXT_ENCODING = 0x1F5:0x0:0x0
# default
MAKEFILES := 
# automatic
<F = $(notdir $<)
# environment
SDKMAN_CANDIDATES_DIR = /Users/vibhorsagar/.sdkman/candidates
# automatic
^F = $(notdir $^)
# default
SUFFIXES := 
# default
.INCLUDE_DIRS = /usr/local/include
# environment
MAKELEVEL := 0
# environment
VSCODE_PID = 33551
# variable set hash-table stats:
# Load=64/1024=6%, Rehash=0, Collisions=1/88=1%

# Pattern-specific Variable Values

# No pattern-specific variable values.

# Directories

# . (device 16777220, inode 12885280035): 19 files, no impossibilities.

# 19 files, no impossibilities in 1 directories.

# Implicit Rules

# No implicit rules.

# Files

# Not a target:
all:
#  Command-line target.
#  Implicit rule search has been done.
#  File does not exist.
#  File has not been updated.
# variable set hash-table stats:
# Load=0/32=0%, Rehash=0, Collisions=0/0=0%

# Not a target:
lab5.h:
#  Implicit rule search has not been done.
#  Modification time never checked.
#  File has not been updated.

# Not a target:
.SUFFIXES:
#  Implicit rule search has not been done.
#  Modification time never checked.
#  File has not been updated.

# Not a target:
find_box_values.c:
#  Implicit rule search has not been done.
#  Modification time never checked.
#  File has not been updated.

open_out_file.o: open_out_file.c lab5.h
#  Implicit rule search has not been done.
#  Modification time never checked.
#  File has not been updated.
#  commands to execute (from `makefile', line 7):
	gcc -c open_out_file.c -lm
	

# Not a target:
makefile:
#  Implicit rule search has been done.
#  Last modified 2021-03-18 16:27:23
#  File has been updated.
#  Successfully updated.
# variable set hash-table stats:
# Load=0/32=0%, Rehash=0, Collisions=0/0=0%

print_headers.o: print_headers.c lab5.h
#  Implicit rule search has not been done.
#  Modification time never checked.
#  File has not been updated.
#  commands to execute (from `makefile', line 13):
	gcc -c print_headers.c -lm
	

open_in_file.o: open_in_file.c lab5.h
#  Implicit rule search has not been done.
#  Modification time never checked.
#  File has not been updated.
#  commands to execute (from `makefile', line 10):
	gcc -c open_in_file.c -lm
	

# Not a target:
.DEFAULT:
#  Implicit rule search has not been done.
#  Modification time never checked.
#  File has not been updated.

# Not a target:
open_out_file.c:
#  Implicit rule search has not been done.
#  Modification time never checked.
#  File has not been updated.

lab5: lab5.o open_out_file.o open_in_file.o print_headers.o find_box_values.o
#  Implicit rule search has not been done.
#  Modification time never checked.
#  File has not been updated.
#  commands to execute (from `makefile', line 4):
	gcc lab5.o open_out_file.o open_in_file.o print_headers.o find_box_values.o -o lab5 -lm
	

# Not a target:
print_headers.c:
#  Implicit rule search has not been done.
#  Modification time never checked.
#  File has not been updated.

# Not a target:
lab5.o:
#  Implicit rule search has not been done.
#  Modification time never checked.
#  File has not been updated.

# Not a target:
open_in_file.c:
#  Implicit rule search has not been done.
#  Modification time never checked.
#  File has not been updated.

find_box_values.o: find_box_values.c lab5.h
#  Implicit rule search has not been done.
#  Modification time never checked.
#  File has not been updated.
#  commands to execute (from `makefile', line 16):
	gcc -c find_box_values.c
	

# files hash-table stats:
# Load=15/1024=1%, Rehash=0, Collisions=0/40=0%
# VPATH Search Paths

# No `vpath' search paths.

# No general (`VPATH' variable) search path.

# # of strings in strcache: 1
# # of strcache buffers: 1
# strcache size: total = 4096 / max = 4096 / min = 4096 / avg = 4096
# strcache free: total = 4087 / max = 4087 / min = 4087 / avg = 4087

# Finished Make data base on Thu Mar 18 16:51:04 2021

 
